#######################################################

##################### Optimizing ######################

#######################################################

|      iter       |     target      |    ColumnMUX    |  Macronumbers   |  Meshflitband   |    Subarray     | buffersizeTile  |  buswidthTile   |
-------------------------------------------------------------------------------------------------------------------------------------------------

total energy (mJ): 	0.14136585	 total latency (ms): 	14.482952	 total area (mm2): 	412.05733

|  1              |  7.074e+03      |  7.255          |  12.08          |  8.014          |  354.2          |  22.2           |  26.34          |

total energy (mJ): 	0.14136585	 total latency (ms): 	14.482952	 total area (mm2): 	412.05733

|  2              |  7.074e+03      |  3.794          |  6.838          |  55.61          |  581.3          |  55.98          |  92.74          |

total energy (mJ): 	0.14136585	 total latency (ms): 	14.482952	 total area (mm2): 	412.05733

|  3              |  7.074e+03      |  4.067          |  14.29          |  11.29          |  707.6          |  55.75          |  78.57          |

total energy (mJ): 	0.14136585	 total latency (ms): 	14.482952	 total area (mm2): 	412.05733

|  4              |  7.074e+03      |  3.106          |  4.773          |  104.1          |  993.5          |  42.86          |  93.54          |

total energy (mJ): 	0.14136585	 total latency (ms): 	14.482952	 total area (mm2): 	412.05733

|  5              |  7.074e+03      |  14.15          |  14.52          |  18.21          |  101.5          |  25.06          |  114.4          |

total energy (mJ): 	0.14136585	 total latency (ms): 	14.482952	 total area (mm2): 	412.05733

|  6              |  7.074e+03      |  2.475          |  7.896          |  122.9          |  575.8          |  89.79          |  51.34          |

total energy (mJ): 	0.14136585	 total latency (ms): 	14.482952	 total area (mm2): 	412.05733

|  7              |  7.074e+03      |  11.3           |  13.68          |  10.19          |  784.1          |  126.6          |  99.79          |

total energy (mJ): 	0.14136585	 total latency (ms): 	14.482952	 total area (mm2): 	412.05733

|  8              |  7.074e+03      |  5.207          |  13.05          |  20.39          |  494.0          |  116.7          |  48.88          |

total energy (mJ): 	0.14136585	 total latency (ms): 	14.482952	 total area (mm2): 	412.05733

|  9              |  7.074e+03      |  5.317          |  3.82           |  10.32          |  715.7          |  30.24          |  45.74          |

total energy (mJ): 	0.14136585	 total latency (ms): 	14.482952	 total area (mm2): 	412.05733

|  10             |  7.074e+03      |  8.374          |  2.747          |  76.89          |  204.9          |  77.07          |  94.37          |

total energy (mJ): 	0.14136585	 total latency (ms): 	14.482952	 total area (mm2): 	412.05733

|  11             |  7.074e+03      |  15.92          |  13.36          |  127.5          |  68.17          |  122.8          |  23.49          |

total energy (mJ): 	0.14136585	 total latency (ms): 	14.482952	 total area (mm2): 	412.05733

|  12             |  7.074e+03      |  6.479          |  5.017          |  128.0          |  1.022e+03      |  127.0          |  35.08          |

total energy (mJ): 	0.14136585	 total latency (ms): 	14.482952	 total area (mm2): 	412.05733

|  13             |  7.074e+03      |  6.917          |  12.57          |  116.9          |  64.11          |  40.66          |  110.0          |

total energy (mJ): 	0.14136585	 total latency (ms): 	14.482952	 total area (mm2): 	412.05733

|  14             |  7.074e+03      |  7.143          |  3.712          |  95.6           |  897.4          |  86.2           |  60.24          |

total energy (mJ): 	0.14136585	 total latency (ms): 	14.482952	 total area (mm2): 	412.05733

|  15             |  7.074e+03      |  14.75          |  3.325          |  126.4          |  973.1          |  5.653          |  66.86          |

total energy (mJ): 	0.14136585	 total latency (ms): 	14.482952	 total area (mm2): 	412.05733

|  16             |  7.074e+03      |  11.41          |  10.03          |  47.49          |  745.4          |  102.9          |  19.4           |

total energy (mJ): 	0.14136585	 total latency (ms): 	14.482952	 total area (mm2): 	412.05733

|  17             |  7.074e+03      |  9.874          |  14.29          |  52.7           |  64.09          |  11.93          |  18.34          |

total energy (mJ): 	0.14136585	 total latency (ms): 	14.482952	 total area (mm2): 	412.05733

|  18             |  7.074e+03      |  1.069          |  13.49          |  69.49          |  579.2          |  95.56          |  121.9          |

total energy (mJ): 	0.14136585	 total latency (ms): 	14.482952	 total area (mm2): 	412.05733

|  19             |  7.074e+03      |  8.447          |  9.682          |  123.1          |  65.6           |  127.2          |  119.5          |

total energy (mJ): 	0.14136585	 total latency (ms): 	14.482952	 total area (mm2): 	412.05733

|  20             |  7.074e+03      |  8.899          |  10.01          |  17.68          |  1.023e+03      |  6.818          |  114.4          |

total energy (mJ): 	0.14136585	 total latency (ms): 	14.482952	 total area (mm2): 	412.05733

|  21             |  7.074e+03      |  3.093          |  10.69          |  12.49          |  65.11          |  7.1            |  123.4          |

total energy (mJ): 	0.14136585	 total latency (ms): 	14.482952	 total area (mm2): 	412.05733

|  22             |  7.074e+03      |  4.335          |  10.77          |  124.0          |  1.022e+03      |  111.1          |  19.57          |
